science/cfiles/android/app/build/intermediates/manifest_merge_blame_file/debug/processDebugMainManifest/manifest-merger-blame-debug-report.txt
1<?xml version="1.0" encoding="utf-8"?>
2<manifest xmlns:android="http://schemas.android.com/apk/res/android"
3    package="de.epp.cfiles"
4    android:versionCode="4"
5    android:versionName="3.0.1" >
6
7    <uses-sdk
8        android:minSdkVersion="22"
9        android:targetSdkVersion="36" />
10
11    <uses-permission android:name="android.permission.READ_EXTERNAL_STORAGE" />
11-->src/main/AndroidManifest.xml:3:1-75
11-->src/main/AndroidManifest.xml:3:18-73
12    <uses-permission
12-->src/main/AndroidManifest.xml:4:1-5:33
13        android:name="android.permission.WRITE_EXTERNAL_STORAGE"
13-->src/main/AndroidManifest.xml:4:18-74
14        android:maxSdkVersion="29" />
14-->src/main/AndroidManifest.xml:5:5-31
15    <uses-permission android:name="android.permission.MANAGE_EXTERNAL_STORAGE" />
15-->src/main/AndroidManifest.xml:6:1-77
15-->src/main/AndroidManifest.xml:6:18-75
16    <uses-permission android:name="android.permission.WAKE_LOCK" />
16-->src/main/AndroidManifest.xml:7:1-63
16-->src/main/AndroidManifest.xml:7:18-61
17
18    <!-- Permissions -->
19
20    <uses-permission android:name="android.permission.INTERNET" />
20-->src/main/AndroidManifest.xml:46:5-67
20-->src/main/AndroidManifest.xml:46:22-64
21
22    <permission
22-->[androidx.core:core:1.12.0] AndroidManifest.xml:22:5-24:47
23        android:name="de.epp.cfiles.DYNAMIC_RECEIVER_NOT_EXPORTED_PERMISSION"
23-->[androidx.core:core:1.12.0] AndroidManifest.xml:23:9-81
24        android:protectionLevel="signature" />
24-->[androidx.core:core:1.12.0] AndroidManifest.xml:24:9-44
25
26    <uses-permission android:name="de.epp.cfiles.DYNAMIC_RECEIVER_NOT_EXPORTED_PERMISSION" />
26-->[androidx.core:core:1.12.0] AndroidManifest.xml:26:5-97
26-->[androidx.core:core:1.12.0] AndroidManifest.xml:26:22-94
27
28    <application
28-->src/main/AndroidManifest.xml:9:5-42:19
29        android:allowBackup="true"
29-->src/main/AndroidManifest.xml:10:9-35
30        android:appComponentFactory="androidx.core.app.CoreComponentFactory"
30-->[androidx.core:core:1.12.0] AndroidManifest.xml:28:18-86
31        android:debuggable="true"
32        android:extractNativeLibs="true"
33        android:icon="@mipmap/ic_launcher"
33-->src/main/AndroidManifest.xml:11:9-43
34        android:label="@string/app_name"
34-->src/main/AndroidManifest.xml:12:9-41
35        android:requestLegacyExternalStorage="true"
35-->src/main/AndroidManifest.xml:15:9-52
36        android:roundIcon="@mipmap/ic_launcher_round"
36-->src/main/AndroidManifest.xml:13:9-54
37        android:supportsRtl="true"
37-->src/main/AndroidManifest.xml:14:9-35
38        android:theme="@style/AppTheme" >
38-->src/main/AndroidManifest.xml:16:9-40
39        <activity
39-->src/main/AndroidManifest.xml:18:9-31:20
40            android:name="de.epp.cfiles.MainActivity"
40-->src/main/AndroidManifest.xml:20:13-41
41            android:configChanges="orientation|keyboardHidden|keyboard|screenSize|locale|smallestScreenSize|screenLayout|uiMode"
41-->src/main/AndroidManifest.xml:19:13-129
42            android:exported="true"
42-->src/main/AndroidManifest.xml:24:13-36
43            android:label="@string/title_activity_main"
43-->src/main/AndroidManifest.xml:21:13-56
44            android:launchMode="singleTask"
44-->src/main/AndroidManifest.xml:23:13-44
45            android:theme="@style/AppTheme.NoActionBarLaunch" >
45-->src/main/AndroidManifest.xml:22:13-62
46            <intent-filter>
46-->src/main/AndroidManifest.xml:26:13-29:29
47                <action android:name="android.intent.action.MAIN" />
47-->src/main/AndroidManifest.xml:27:17-69
47-->src/main/AndroidManifest.xml:27:25-66
48
49                <category android:name="android.intent.category.LAUNCHER" />
49-->src/main/AndroidManifest.xml:28:17-77
49-->src/main/AndroidManifest.xml:28:27-74
50            </intent-filter>
51        </activity>
52
53        <provider
54            android:name="androidx.core.content.FileProvider"
54-->src/main/AndroidManifest.xml:34:13-62
55            android:authorities="de.epp.cfiles.fileprovider"
55-->src/main/AndroidManifest.xml:35:13-64
56            android:exported="false"
56-->src/main/AndroidManifest.xml:36:13-37
57            android:grantUriPermissions="true" >
57-->src/main/AndroidManifest.xml:37:13-47
58            <meta-data
58-->src/main/AndroidManifest.xml:38:13-40:64
59                android:name="android.support.FILE_PROVIDER_PATHS"
59-->src/main/AndroidManifest.xml:39:17-67
60                android:resource="@xml/file_paths" />
60-->src/main/AndroidManifest.xml:40:17-51
61        </provider>
62        <provider
62-->[:capacitor-community-file-opener] AndroidManifest.xml:8:9-16:20
63            android:name="com.ryltsov.alex.plugins.file.opener.FileOpenerProvider"
63-->[:capacitor-community-file-opener] AndroidManifest.xml:9:13-83
64            android:authorities="de.epp.cfiles.file.opener.provider"
64-->[:capacitor-community-file-opener] AndroidManifest.xml:10:13-72
65            android:exported="false"
65-->[:capacitor-community-file-opener] AndroidManifest.xml:11:13-37
66            android:grantUriPermissions="true" >
66-->[:capacitor-community-file-opener] AndroidManifest.xml:12:13-47
67            <meta-data
67-->src/main/AndroidManifest.xml:38:13-40:64
68                android:name="android.support.FILE_PROVIDER_PATHS"
68-->src/main/AndroidManifest.xml:39:17-67
69                android:resource="@xml/file_opener_paths" />
69-->src/main/AndroidManifest.xml:40:17-51
70        </provider>
71        <provider
71-->[androidx.emoji2:emoji2:1.2.0] AndroidManifest.xml:24:9-32:20
72            android:name="androidx.startup.InitializationProvider"
72-->[androidx.emoji2:emoji2:1.2.0] AndroidManifest.xml:25:13-67
73            android:authorities="de.epp.cfiles.androidx-startup"
73-->[androidx.emoji2:emoji2:1.2.0] AndroidManifest.xml:26:13-68
74            android:exported="false" >
74-->[androidx.emoji2:emoji2:1.2.0] AndroidManifest.xml:27:13-37
75            <meta-data
75-->[androidx.emoji2:emoji2:1.2.0] AndroidManifest.xml:29:13-31:52
76                android:name="androidx.emoji2.text.EmojiCompatInitializer"
76-->[androidx.emoji2:emoji2:1.2.0] AndroidManifest.xml:30:17-75
77                android:value="androidx.startup" />
77-->[androidx.emoji2:emoji2:1.2.0] AndroidManifest.xml:31:17-49
78            <meta-data
78-->[androidx.lifecycle:lifecycle-process:2.6.1] AndroidManifest.xml:29:13-31:52
79                android:name="androidx.lifecycle.ProcessLifecycleInitializer"
79-->[androidx.lifecycle:lifecycle-process:2.6.1] AndroidManifest.xml:30:17-78
80                android:value="androidx.startup" />
80-->[androidx.lifecycle:lifecycle-process:2.6.1] AndroidManifest.xml:31:17-49
81            <meta-data
81-->[androidx.profileinstaller:profileinstaller:1.3.0] AndroidManifest.xml:29:13-31:52
82                android:name="androidx.profileinstaller.ProfileInstallerInitializer"
82-->[androidx.profileinstaller:profileinstaller:1.3.0] AndroidManifest.xml:30:17-85
83                android:value="androidx.startup" />
83-->[androidx.profileinstaller:profileinstaller:1.3.0] AndroidManifest.xml:31:17-49
84        </provider>
85
86        <receiver
86-->[androidx.profileinstaller:profileinstaller:1.3.0] AndroidManifest.xml:34:9-52:20
87            android:name="androidx.profileinstaller.ProfileInstallReceiver"
87-->[androidx.profileinstaller:profileinstaller:1.3.0] AndroidManifest.xml:35:13-76
88            android:directBootAware="false"
88-->[androidx.profileinstaller:profileinstaller:1.3.0] AndroidManifest.xml:36:13-44
89            android:enabled="true"
89-->[androidx.profileinstaller:profileinstaller:1.3.0] AndroidManifest.xml:37:13-35
90            android:exported="true"
90-->[androidx.profileinstaller:profileinstaller:1.3.0] AndroidManifest.xml:38:13-36
91            android:permission="android.permission.DUMP" >
91-->[androidx.profileinstaller:profileinstaller:1.3.0] AndroidManifest.xml:39:13-57
92            <intent-filter>
92-->[androidx.profileinstaller:profileinstaller:1.3.0] AndroidManifest.xml:40:13-42:29
93                <action android:name="androidx.profileinstaller.action.INSTALL_PROFILE" />
93-->[androidx.profileinstaller:profileinstaller:1.3.0] AndroidManifest.xml:41:17-91
93-->[androidx.profileinstaller:profileinstaller:1.3.0] AndroidManifest.xml:41:25-88
94            </intent-filter>
95            <intent-filter>
95-->[androidx.profileinstaller:profileinstaller:1.3.0] AndroidManifest.xml:43:13-45:29
96                <action android:name="androidx.profileinstaller.action.SKIP_FILE" />
96-->[androidx.profileinstaller:profileinstaller:1.3.0] AndroidManifest.xml:44:17-85
96-->[androidx.profileinstaller:profileinstaller:1.3.0] AndroidManifest.xml:44:25-82
97            </intent-filter>
98            <intent-filter>
98-->[androidx.profileinstaller:profileinstaller:1.3.0] AndroidManifest.xml:46:13-48:29
99                <action android:name="androidx.profileinstaller.action.SAVE_PROFILE" />
99-->[androidx.profileinstaller:profileinstaller:1.3.0] AndroidManifest.xml:47:17-88
99-->[androidx.profileinstaller:profileinstaller:1.3.0] AndroidManifest.xml:47:25-85
100            </intent-filter>
101            <intent-filter>
101-->[androidx.profileinstaller:profileinstaller:1.3.0] AndroidManifest.xml:49:13-51:29
102                <action android:name="androidx.profileinstaller.action.BENCHMARK_OPERATION" />
102-->[androidx.profileinstaller:profileinstaller:1.3.0] AndroidManifest.xml:50:17-95
102-->[androidx.profileinstaller:profileinstaller:1.3.0] AndroidManifest.xml:50:25-92
103            </intent-filter>
104        </receiver>
105    </application>
106
107</manifest>